Flutter crash report; please file at https://github.com/flutter/flutter/issues.

## command

flutter --suppress-analytics build bundle --target-platform=ios --target=/Users/admin/Desktop/Flutter/pamobile_first_flutter_app/lib/main.dart --debug --depfile=build/snapshot_blob.bin.d --asset-dir=/Users/admin/Desktop/Flutter/pamobile_first_flutter_app/ios/Flutter/flutter_assets

## exception

FileSystemException: FileSystemException: Deletion failed, path = '/Users/admin/Desktop/Flutter/pamobile_first_flutter_app/ios/Flutter/flutter_assets' (OS Error: No such file or directory, errno = 2)

```
#0      _Directory._deleteSync (dart:io/directory_impl.dart:207:7)
#1      FileSystemEntity.deleteSync (dart:io/file_system_entity.dart:466:47)
#2      ForwardingFileSystemEntity.deleteSync (package:file/src/forwarding/forwarding_file_system_entity.dart:72:16)
#3      writeBundle (package:flutter_tools/src/bundle.dart:202:15)
<asynchronous suspension>
#4      assemble (package:flutter_tools/src/bundle.dart:195:9)
<asynchronous suspension>
#5      build (package:flutter_tools/src/bundle.dart:128:9)
<asynchronous suspension>
#6      BuildBundleCommand.runCommand (package:flutter_tools/src/commands/build_bundle.dart:89:11)
<asynchronous suspension>
#7      FlutterCommand.verifyThenRunCommand (package:flutter_tools/src/runner/flutter_command.dart:383:18)
<asynchronous suspension>
#8      FlutterCommand.run.<anonymous closure> (package:flutter_tools/src/runner/flutter_command.dart:317:33)
<asynchronous suspension>
#9      AppContext.run.<anonymous closure> (package:flutter_tools/src/base/context.dart:142:29)
<asynchronous suspension>
#10     _rootRun (dart:async/zone.dart:1124:13)
#11     _CustomZone.run (dart:async/zone.dart:1021:19)
#12     _runZoned (dart:async/zone.dart:1516:10)
#13     runZoned (dart:async/zone.dart:1463:12)
#14     AppContext.run (package:flutter_tools/src/base/context.dart:141:18)
<asynchronous suspension>
#15     FlutterCommand.run (package:flutter_tools/src/runner/flutter_command.dart:308:20)
#16     CommandRunner.runCommand (package:args/command_runner.dart:194:27)
<asynchronous suspension>
#17     FlutterCommandRunner.runCommand.<anonymous closure> (package:flutter_tools/src/runner/flutter_command_runner.dart:399:21)
<asynchronous suspension>
#18     AppContext.run.<anonymous closure> (package:flutter_tools/src/base/context.dart:142:29)
<asynchronous suspension>
#19     _rootRun (dart:async/zone.dart:1124:13)
#20     _CustomZone.run (dart:async/zone.dart:1021:19)
#21     _runZoned (dart:async/zone.dart:1516:10)
#22     runZoned (dart:async/zone.dart:1463:12)
#23     AppContext.run (package:flutter_tools/src/base/context.dart:141:18)
<asynchronous suspension>
#24     FlutterCommandRunner.runCommand (package:flutter_tools/src/runner/flutter_command_runner.dart:359:19)
<asynchronous suspension>
#25     CommandRunner.run.<anonymous closure> (package:args/command_runner.dart:109:29)
#26     new Future.sync (dart:async/future.dart:224:31)
#27     CommandRunner.run (package:args/command_runner.dart:109:11)
#28     FlutterCommandRunner.run (package:flutter_tools/src/runner/flutter_command_runner.dart:241:18)
#29     run.<anonymous closure> (package:flutter_tools/runner.dart:59:20)
<asynchronous suspension>
#30     AppContext.run.<anonymous closure> (package:flutter_tools/src/base/context.dart:142:29)
<asynchronous suspension>
#31     _rootRun (dart:async/zone.dart:1124:13)
#32     _CustomZone.run (dart:async/zone.dart:1021:19)
#33     _runZoned (dart:async/zone.dart:1516:10)
#34     runZoned (dart:async/zone.dart:1463:12)
#35     AppContext.run (package:flutter_tools/src/base/context.dart:141:18)
<asynchronous suspension>
#36     runInContext (package:flutter_tools/src/context_runner.dart:44:24)
<asynchronous suspension>
#37     run (package:flutter_tools/runner.dart:50:10)
#38     main (package:flutter_tools/executable.dart:52:9)
<asynchronous suspension>
#39     main (file:///Users/admin/flutter/packages/flutter_tools/bin/flutter_tools.dart:8:3)
#40     _startIsolate.<anonymous closure> (dart:isolate/runtime/libisolate_patch.dart:287:32)
#41     _RawReceivePortImpl._handleMessage (dart:isolate/runtime/libisolate_patch.dart:171:12)
```

## flutter doctor

```
[✓] Flutter (Channel beta, v0.10.2, on Mac OS X 10.13.6 17G65, locale en-US)
    • Flutter version 0.10.2 at /Users/admin/flutter
    • Framework revision d8cbb80206 (2 weeks ago), 2018-10-26 01:30:21 -0400
    • Engine revision 6c2ade9fa2
    • Dart version 2.1.0-dev.8.0.flutter-bf26f760b1

[✓] Android toolchain - develop for Android devices (Android SDK 27.0.3)
    • Android SDK at /Users/admin/Library/Android/sdk
    • Android NDK location not configured (optional; useful for native profiling support)
    • Platform android-27, build-tools 27.0.3
    • ANDROID_HOME = /Users/admin/Library/Android/sdk
    • Java binary at: /Applications/Android Studio.app/Contents/jre/jdk/Contents/Home/bin/java
    • Java version OpenJDK Runtime Environment (build 1.8.0_152-release-1136-b06)
    • All Android licenses accepted.

[!] iOS toolchain - develop for iOS devices (Xcode 10.0)
    • Xcode at /Applications/Xcode.app/Contents/Developer
    • Xcode 10.0, Build version 10A255
    ✗ libimobiledevice and ideviceinstaller are not installed. To install, run:
        brew install --HEAD libimobiledevice
        brew install ideviceinstaller
    ✗ ios-deploy not installed. To install:
        brew install ios-deploy
    • CocoaPods version 1.6.0.beta.2

[✓] Android Studio (version 3.2)
    • Android Studio at /Applications/Android Studio.app/Contents
    • Flutter plugin version 30.0.1
    • Dart plugin version 181.5656
    • Java version OpenJDK Runtime Environment (build 1.8.0_152-release-1136-b06)

[!] VS Code (version 1.27.2)
    • VS Code at /Applications/Visual Studio Code.app/Contents
    • Flutter extension not installed; install from
      https://marketplace.visualstudio.com/items?itemName=Dart-Code.flutter

[✓] Connected device (2 available)
    • Android SDK built for x86 • emulator-5554                        • android-x86 • Android 8.0.0 (API 26) (emulator)
    • iPhone 8 Plus             • 648F0003-030A-4C1D-B60A-BD62F351F5F4 • ios         • iOS 12.0 (simulator)

! Doctor found issues in 2 categories.
```
